<?xml version="1.0" encoding="UTF-8"?>
<testsuite xmlns:xsi="http://www.w3.org/2001/XMLSchema-instance" xsi:noNamespaceSchemaLocation="https://maven.apache.org/surefire/maven-surefire-plugin/xsd/surefire-test-report.xsd" version="3.0.2" name="stellarburgers.testOrder.OrderCreationTest" time="13.399" tests="4" errors="0" skipped="0" failures="0">
  <properties>
[...]
</properties>
  <testcase name="createOrderWithoutIngredientsAuthorizedUser" classname="stellarburgers.testOrder.OrderCreationTest" time="5.399">
    <system-out><![CDATA[Created user with accessToken: Bearer eyJhbGciOiJIUzI1NiIsInR5cCI6IkpXVCJ9.eyJpZCI6IjY3ZTg3YWEyOWVkMjgwMDAxYjViNGUzZiIsImlhdCI6MTc0MzI4ODk5NCwiZXhwIjoxNzQzMjkwMTk0fQ.SGJsaLm7w5u-YAfaf15fiFUJqVVto2i0M0ONyLsNe9g
Deleted user with accessToken: Bearer eyJhbGciOiJIUzI1NiIsInR5cCI6IkpXVCJ9.eyJpZCI6IjY3ZTg3YWEyOWVkMjgwMDAxYjViNGUzZiIsImlhdCI6MTc0MzI4ODk5NCwiZXhwIjoxNzQzMjkwMTk0fQ.SGJsaLm7w5u-YAfaf15fiFUJqVVto2i0M0ONyLsNe9g
]]></system-out>
  </testcase>
  <testcase name="createOrderWithIngredientsAuthorizedUser" classname="stellarburgers.testOrder.OrderCreationTest" time="4.415">
    <system-out><![CDATA[Created user with accessToken: Bearer eyJhbGciOiJIUzI1NiIsInR5cCI6IkpXVCJ9.eyJpZCI6IjY3ZTg3YWE1OWVkMjgwMDAxYjViNGU0MSIsImlhdCI6MTc0MzI4ODk5NywiZXhwIjoxNzQzMjkwMTk3fQ.qRrbX5SjWqdIzUULSYfYzup05DiYk3PpGe6grJZaVfY
Deleted user with accessToken: Bearer eyJhbGciOiJIUzI1NiIsInR5cCI6IkpXVCJ9.eyJpZCI6IjY3ZTg3YWE1OWVkMjgwMDAxYjViNGU0MSIsImlhdCI6MTc0MzI4ODk5NywiZXhwIjoxNzQzMjkwMTk3fQ.qRrbX5SjWqdIzUULSYfYzup05DiYk3PpGe6grJZaVfY
]]></system-out>
  </testcase>
  <testcase name="createOrderWithIngredientsUnauthorizedUser" classname="stellarburgers.testOrder.OrderCreationTest" time="1.876">
    <system-out><![CDATA[Created user with accessToken: Bearer eyJhbGciOiJIUzI1NiIsInR5cCI6IkpXVCJ9.eyJpZCI6IjY3ZTg3YWE5OWVkMjgwMDAxYjViNGU0NCIsImlhdCI6MTc0MzI4OTAwMSwiZXhwIjoxNzQzMjkwMjAxfQ.FDh0WWWMvgH8cG-G3_dncY-8YXnx3jCb1cJ9EQ9n5tg
Deleted user with accessToken: Bearer eyJhbGciOiJIUzI1NiIsInR5cCI6IkpXVCJ9.eyJpZCI6IjY3ZTg3YWE5OWVkMjgwMDAxYjViNGU0NCIsImlhdCI6MTc0MzI4OTAwMSwiZXhwIjoxNzQzMjkwMjAxfQ.FDh0WWWMvgH8cG-G3_dncY-8YXnx3jCb1cJ9EQ9n5tg
]]></system-out>
  </testcase>
  <testcase name="createOrderWithWrongIngredientsAuthorizedUser" classname="stellarburgers.testOrder.OrderCreationTest" time="1.531">
    <system-out><![CDATA[Created user with accessToken: Bearer eyJhbGciOiJIUzI1NiIsInR5cCI6IkpXVCJ9.eyJpZCI6IjY3ZTg3YWFiOWVkMjgwMDAxYjViNGU0NiIsImlhdCI6MTc0MzI4OTAwMywiZXhwIjoxNzQzMjkwMjAzfQ.NdCceRo5sEpLVUxpdn06rKX-boEk-mTKWI9VQkZL7h8
Deleted user with accessToken: Bearer eyJhbGciOiJIUzI1NiIsInR5cCI6IkpXVCJ9.eyJpZCI6IjY3ZTg3YWFiOWVkMjgwMDAxYjViNGU0NiIsImlhdCI6MTc0MzI4OTAwMywiZXhwIjoxNzQzMjkwMjAzfQ.NdCceRo5sEpLVUxpdn06rKX-boEk-mTKWI9VQkZL7h8
]]></system-out>
  </testcase>
</testsuite>