<?xml version="1.0" encoding="UTF-8"?>
<testsuite xmlns:xsi="http://www.w3.org/2001/XMLSchema-instance" xsi:noNamespaceSchemaLocation="https://maven.apache.org/surefire/maven-surefire-plugin/xsd/surefire-test-report.xsd" version="3.0.2" name="stellarburgers.testOrder.OrderCreationTest" time="13.726" tests="4" errors="0" skipped="0" failures="0">
  <properties>
[...]
</properties>
  <testcase name="createOrderWithoutIngredientsAuthorizedUser" classname="stellarburgers.testOrder.OrderCreationTest" time="5.215">
    <system-out><![CDATA[Created user with accessToken: Bearer eyJhbGciOiJIUzI1NiIsInR5cCI6IkpXVCJ9.eyJpZCI6IjY3ZTliNjM1OWVkMjgwMDAxYjViNWEwOCIsImlhdCI6MTc0MzM2OTc4MSwiZXhwIjoxNzQzMzcwOTgxfQ.Jv50-yejukgmC5Oz6b3QbxkiMprDCUW8yo30qDWn0Y0
Deleted user with accessToken: Bearer eyJhbGciOiJIUzI1NiIsInR5cCI6IkpXVCJ9.eyJpZCI6IjY3ZTliNjM1OWVkMjgwMDAxYjViNWEwOCIsImlhdCI6MTc0MzM2OTc4MSwiZXhwIjoxNzQzMzcwOTgxfQ.Jv50-yejukgmC5Oz6b3QbxkiMprDCUW8yo30qDWn0Y0
]]></system-out>
  </testcase>
  <testcase name="createOrderWithIngredientsAuthorizedUser" classname="stellarburgers.testOrder.OrderCreationTest" time="4.536">
    <system-out><![CDATA[Created user with accessToken: Bearer eyJhbGciOiJIUzI1NiIsInR5cCI6IkpXVCJ9.eyJpZCI6IjY3ZTliNjM4OWVkMjgwMDAxYjViNWEwYSIsImlhdCI6MTc0MzM2OTc4NCwiZXhwIjoxNzQzMzcwOTg0fQ.S0Z4itG5FGbDljRHi1SiAh1MBjlHGb8wgi6i5i_L2Ac
Deleted user with accessToken: Bearer eyJhbGciOiJIUzI1NiIsInR5cCI6IkpXVCJ9.eyJpZCI6IjY3ZTliNjM4OWVkMjgwMDAxYjViNWEwYSIsImlhdCI6MTc0MzM2OTc4NCwiZXhwIjoxNzQzMzcwOTg0fQ.S0Z4itG5FGbDljRHi1SiAh1MBjlHGb8wgi6i5i_L2Ac
]]></system-out>
  </testcase>
  <testcase name="createOrderWithIngredientsUnauthorizedUser" classname="stellarburgers.testOrder.OrderCreationTest" time="1.951">
    <system-out><![CDATA[Created user with accessToken: Bearer eyJhbGciOiJIUzI1NiIsInR5cCI6IkpXVCJ9.eyJpZCI6IjY3ZTliNjNkOWVkMjgwMDAxYjViNWEwZCIsImlhdCI6MTc0MzM2OTc4OSwiZXhwIjoxNzQzMzcwOTg5fQ.A4qZ6HzBgmt_-1ueo7BwcrpQUSz7Ncf3Fworw37kEgY
Deleted user with accessToken: Bearer eyJhbGciOiJIUzI1NiIsInR5cCI6IkpXVCJ9.eyJpZCI6IjY3ZTliNjNkOWVkMjgwMDAxYjViNWEwZCIsImlhdCI6MTc0MzM2OTc4OSwiZXhwIjoxNzQzMzcwOTg5fQ.A4qZ6HzBgmt_-1ueo7BwcrpQUSz7Ncf3Fworw37kEgY
]]></system-out>
  </testcase>
  <testcase name="createOrderWithWrongIngredientsAuthorizedUser" classname="stellarburgers.testOrder.OrderCreationTest" time="1.807">
    <system-out><![CDATA[Created user with accessToken: Bearer eyJhbGciOiJIUzI1NiIsInR5cCI6IkpXVCJ9.eyJpZCI6IjY3ZTliNjNlOWVkMjgwMDAxYjViNWEwZiIsImlhdCI6MTc0MzM2OTc5MCwiZXhwIjoxNzQzMzcwOTkwfQ.p__tcYSeqRdIdS7iE9eFCiEOddEIvhFk31mrCKyi4ZI
Deleted user with accessToken: Bearer eyJhbGciOiJIUzI1NiIsInR5cCI6IkpXVCJ9.eyJpZCI6IjY3ZTliNjNlOWVkMjgwMDAxYjViNWEwZiIsImlhdCI6MTc0MzM2OTc5MCwiZXhwIjoxNzQzMzcwOTkwfQ.p__tcYSeqRdIdS7iE9eFCiEOddEIvhFk31mrCKyi4ZI
]]></system-out>
  </testcase>
</testsuite>