<?xml version="1.0" encoding="UTF-8"?>
<testsuite xmlns:xsi="http://www.w3.org/2001/XMLSchema-instance" xsi:noNamespaceSchemaLocation="https://maven.apache.org/surefire/maven-surefire-plugin/xsd/surefire-test-report.xsd" version="3.0.2" name="stellarburgers.testUser.UpdateUserTest" time="9.309" tests="6" errors="0" skipped="0" failures="0">
  <properties>
[...]
</properties>
  <testcase name="changeFirstNameUnauthorizedUser" classname="stellarburgers.testUser.UpdateUserTest" time="1.424">
    <system-out><![CDATA[Created user with accessToken: Bearer eyJhbGciOiJIUzI1NiIsInR5cCI6IkpXVCJ9.eyJpZCI6IjY3ZTliNjRlOWVkMjgwMDAxYjViNWExZiIsImlhdCI6MTc0MzM2OTgwNiwiZXhwIjoxNzQzMzcxMDA2fQ.WkZjEvXJ4ntNE-6oZQKUCKqABzORYKThgeN74qR0OqM
Deleted user with accessToken: Bearer eyJhbGciOiJIUzI1NiIsInR5cCI6IkpXVCJ9.eyJpZCI6IjY3ZTliNjRlOWVkMjgwMDAxYjViNWExZiIsImlhdCI6MTc0MzM2OTgwNiwiZXhwIjoxNzQzMzcxMDA2fQ.WkZjEvXJ4ntNE-6oZQKUCKqABzORYKThgeN74qR0OqM
]]></system-out>
  </testcase>
  <testcase name="changePasswordAuthorizedUser" classname="stellarburgers.testUser.UpdateUserTest" time="1.784">
    <system-out><![CDATA[Created user with accessToken: Bearer eyJhbGciOiJIUzI1NiIsInR5cCI6IkpXVCJ9.eyJpZCI6IjY3ZTliNjUwOWVkMjgwMDAxYjViNWEyMSIsImlhdCI6MTc0MzM2OTgwOCwiZXhwIjoxNzQzMzcxMDA4fQ.p8NEJ63ywHfoZkPmLBO8eFuqfWEvd0Psrp5-gcxAQj8
Deleted user with accessToken: Bearer eyJhbGciOiJIUzI1NiIsInR5cCI6IkpXVCJ9.eyJpZCI6IjY3ZTliNjUwOWVkMjgwMDAxYjViNWEyMSIsImlhdCI6MTc0MzM2OTgwOCwiZXhwIjoxNzQzMzcxMDA4fQ.p8NEJ63ywHfoZkPmLBO8eFuqfWEvd0Psrp5-gcxAQj8
]]></system-out>
  </testcase>
  <testcase name="changeLoginAuthorizedUser" classname="stellarburgers.testUser.UpdateUserTest" time="1.647">
    <system-out><![CDATA[Created user with accessToken: Bearer eyJhbGciOiJIUzI1NiIsInR5cCI6IkpXVCJ9.eyJpZCI6IjY3ZTliNjUxOWVkMjgwMDAxYjViNWEyNCIsImlhdCI6MTc0MzM2OTgwOSwiZXhwIjoxNzQzMzcxMDA5fQ.M70cK-cXB38rcXvPjmDV8x9mJjEO-lKJ4_oU41GFlGA
Deleted user with accessToken: Bearer eyJhbGciOiJIUzI1NiIsInR5cCI6IkpXVCJ9.eyJpZCI6IjY3ZTliNjUxOWVkMjgwMDAxYjViNWEyNCIsImlhdCI6MTc0MzM2OTgwOSwiZXhwIjoxNzQzMzcxMDA5fQ.M70cK-cXB38rcXvPjmDV8x9mJjEO-lKJ4_oU41GFlGA
]]></system-out>
  </testcase>
  <testcase name="changeLoginUnauthorizedUser" classname="stellarburgers.testUser.UpdateUserTest" time="1.442">
    <system-out><![CDATA[Created user with accessToken: Bearer eyJhbGciOiJIUzI1NiIsInR5cCI6IkpXVCJ9.eyJpZCI6IjY3ZTliNjUzOWVkMjgwMDAxYjViNWEyNiIsImlhdCI6MTc0MzM2OTgxMSwiZXhwIjoxNzQzMzcxMDExfQ.SAYz842fo29EfarbpZ5f3zZMsYeZ3Wk7j-t5rqoiA8g
Deleted user with accessToken: Bearer eyJhbGciOiJIUzI1NiIsInR5cCI6IkpXVCJ9.eyJpZCI6IjY3ZTliNjUzOWVkMjgwMDAxYjViNWEyNiIsImlhdCI6MTc0MzM2OTgxMSwiZXhwIjoxNzQzMzcxMDExfQ.SAYz842fo29EfarbpZ5f3zZMsYeZ3Wk7j-t5rqoiA8g
]]></system-out>
  </testcase>
  <testcase name="changeFirstNameAuthorizedUser" classname="stellarburgers.testUser.UpdateUserTest" time="1.547">
    <system-out><![CDATA[Created user with accessToken: Bearer eyJhbGciOiJIUzI1NiIsInR5cCI6IkpXVCJ9.eyJpZCI6IjY3ZTliNjU1OWVkMjgwMDAxYjViNWEyOCIsImlhdCI6MTc0MzM2OTgxMywiZXhwIjoxNzQzMzcxMDEzfQ.2IDK40Cy_nMAPyfNz3ehmKvYYzz8NzKrv_pniUKpAls
Deleted user with accessToken: Bearer eyJhbGciOiJIUzI1NiIsInR5cCI6IkpXVCJ9.eyJpZCI6IjY3ZTliNjU1OWVkMjgwMDAxYjViNWEyOCIsImlhdCI6MTc0MzM2OTgxMywiZXhwIjoxNzQzMzcxMDEzfQ.2IDK40Cy_nMAPyfNz3ehmKvYYzz8NzKrv_pniUKpAls
]]></system-out>
  </testcase>
  <testcase name="changePasswordUnauthorizedUser" classname="stellarburgers.testUser.UpdateUserTest" time="1.452">
    <system-out><![CDATA[Created user with accessToken: Bearer eyJhbGciOiJIUzI1NiIsInR5cCI6IkpXVCJ9.eyJpZCI6IjY3ZTliNjU2OWVkMjgwMDAxYjViNWEyYSIsImlhdCI6MTc0MzM2OTgxNCwiZXhwIjoxNzQzMzcxMDE0fQ.klqh8g2-ZuDna4E-83awkiZpWmPCj6jNpWcWSFZlvS0
Deleted user with accessToken: Bearer eyJhbGciOiJIUzI1NiIsInR5cCI6IkpXVCJ9.eyJpZCI6IjY3ZTliNjU2OWVkMjgwMDAxYjViNWEyYSIsImlhdCI6MTc0MzM2OTgxNCwiZXhwIjoxNzQzMzcxMDE0fQ.klqh8g2-ZuDna4E-83awkiZpWmPCj6jNpWcWSFZlvS0
]]></system-out>
  </testcase>
</testsuite>